<?xml version="1.0" encoding="UTF-8"?>
<!-- Generated by org.testng.reporters.JUnitXMLReporter -->
<testsuite hostname="ABIRAMI" ignored="0" name="Default test" tests="21" failures="0" timestamp="12 Mar 2018 09:59:03 GMT" time="0.078" errors="0">
  <testcase name="AssetDetailTab" time="0.0" classname="FleetEdge_Core.Core"/>
  <testcase name="AssetDetails" time="0.0" classname="FleetEdge_Core.Core"/>
  <testcase name="AssociationMaster" time="0.0" classname="FleetEdge_Core.Core"/>
  <testcase name="CompanyManager" time="0.016" classname="FleetEdge_Core.Core"/>
  <testcase name="EmailReport" time="0.0" classname="FleetEdge_Core.Core"/>
  <testcase name="EmailReportWizard" time="0.0" classname="FleetEdge_Core.Core"/>
  <testcase name="EquipmentTerminalAssociation" time="0.0" classname="FleetEdge_Core.Core"/>
  <testcase name="FleetEventReport" time="0.0" classname="FleetEdge_Core.Core"/>
  <testcase name="FleetStatus" time="0.0" classname="FleetEdge_Core.Core"/>
  <testcase name="FleetSummary" time="0.0" classname="FleetEdge_Core.Core"/>
  <testcase name="GeoFence" time="0.0" classname="FleetEdge_Core.Core"/>
  <testcase name="IssueResolver" time="0.0" classname="FleetEdge_Core.Core"/>
  <testcase name="ManageWidgets" time="0.0" classname="FleetEdge_Core.Core"/>
  <testcase name="ModelManager" time="0.016" classname="FleetEdge_Core.Core"/>
  <testcase name="Programs" time="0.0" classname="FleetEdge_Core.Core"/>
  <testcase name="SMSorEmailTemplate" time="0.0" classname="FleetEdge_Core.Core"/>
  <testcase name="SendMail" time="0.0" classname="FleetEdge_Core.Core"/>
  <testcase name="SendSMSorSATMessage" time="0.0" classname="FleetEdge_Core.Core"/>
  <testcase name="TerminalSummary" time="0.016" classname="FleetEdge_Core.Core"/>
  <testcase name="TimeFence" time="0.0" classname="FleetEdge_Core.Core"/>
  <testcase name="login" time="0.0" classname="FleetEdge_Core.Core"/>
</testsuite> <!-- Default test -->
